{"synthetic": false,
 "outputs":
 {"o": ["12183837329242417145"],
  "i": "10753455254535877782",
  "c": "16221135747846586762"},
 "log":
 [{"message":
   ".> LEAN_PATH=/Users/lvyuwei/Lean/.lake/packages/Cli/.lake/build/lib/lean:/Users/lvyuwei/Lean/.lake/packages/batteries/.lake/build/lib/lean:/Users/lvyuwei/Lean/.lake/packages/Qq/.lake/build/lib/lean:/Users/lvyuwei/Lean/.lake/packages/aesop/.lake/build/lib/lean:/Users/lvyuwei/Lean/.lake/packages/proofwidgets/.lake/build/lib/lean:/Users/lvyuwei/Lean/.lake/packages/importGraph/.lake/build/lib/lean:/Users/lvyuwei/Lean/.lake/packages/LeanSearchClient/.lake/build/lib/lean:/Users/lvyuwei/Lean/.lake/packages/plausible/.lake/build/lib/lean:/Users/lvyuwei/Lean/.lake/packages/mathlib/.lake/build/lib/lean:/Users/lvyuwei/Lean/.lake/build/lib/lean /Users/lvyuwei/.elan/toolchains/leanprover--lean4---v4.22.0-rc4/bin/lean /Users/lvyuwei/Lean/Gametheory/Scarf.lean -o /Users/lvyuwei/Lean/.lake/build/lib/lean/Gametheory/Scarf.olean -i /Users/lvyuwei/Lean/.lake/build/lib/lean/Gametheory/Scarf.ilean -c /Users/lvyuwei/Lean/.lake/build/ir/Gametheory/Scarf.c --setup /Users/lvyuwei/Lean/.lake/build/ir/Gametheory/Scarf.setup.json --json",
   "level": "trace"}],
 "inputs":
 [["Gametheory.Scarf:deps",
   [["deps",
     [["Gametheory/Gametheory:extraDep", [["@Gametheory:extraDep", "1723"]]],
      ["import oleans",
       [["Mathlib:olean",
         [["Mathlib:deps", "17263793490132246898"],
          ["/Users/lvyuwei/Lean/.lake/packages/mathlib/.lake/build/lib/lean/Mathlib.olean",
           "13225282519080737477"]]]]]]],
    ["libs",
     [["import dynlibs", "1723"],
      ["package external libraries", "1723"],
      ["module dynlibs", "1723"],
      ["module plugins", "1723"]]]]],
  ["Lean 4.22.0, commit 30ceb3260d7d7536092fedff969b4b2e8de7f942",
   "7333961747739924687"],
  ["/Users/lvyuwei/Lean/Gametheory/Scarf.lean", "14670827128491626996"],
  ["options", "1723"],
  ["Module.leanArgs: #[]", "1723"]],
 "depHash": "11758222206214155074"}